SF:lib/Model/LLGrammarModel/Lexer.dart
DA:6,1
DA:8,1
DA:9,1
DA:11,4
DA:12,1
DA:15,3
DA:18,2
DA:19,1
DA:20,2
DA:21,1
DA:22,2
DA:23,1
DA:24,2
DA:25,1
DA:26,1
DA:27,0
DA:30,1
DA:31,0
DA:32,0
DA:35,6
DA:36,3
DA:37,1
DA:40,1
DA:41,0
DA:42,0
DA:45,1
DA:46,0
DA:47,0
DA:50,1
DA:51,0
DA:52,0
DA:57,1
DA:58,2
DA:59,1
DA:60,1
DA:61,2
DA:62,1
DA:63,1
DA:64,2
DA:65,1
DA:66,1
DA:67,2
DA:68,1
DA:69,1
DA:70,3
DA:71,1
DA:72,1
DA:73,2
DA:74,1
DA:75,1
DA:76,0
DA:77,0
DA:78,1
DA:79,2
DA:80,1
DA:84,1
DA:85,2
DA:86,1
DA:87,1
DA:88,2
DA:89,1
DA:90,1
DA:91,2
DA:92,1
DA:96,0
DA:97,0
DA:100,1
DA:101,8
DA:102,2
DA:106,1
DA:107,3
DA:108,11
DA:112,3
DA:116,1
DA:118,8
DA:119,4
DA:120,2
DA:125,5
DA:127,6
DA:130,5
DA:132,3
LF:81
LH:68
end_of_record
SF:lib/Model/LLGrammarModel/Parser.dart
DA:22,1
DA:24,4
DA:26,1
DA:27,3
DA:28,2
DA:34,1
DA:35,1
DA:36,3
DA:37,0
DA:41,1
DA:42,3
DA:43,1
DA:44,1
DA:48,1
DA:49,1
DA:50,1
DA:51,1
DA:52,0
DA:54,1
DA:55,1
DA:56,0
DA:57,0
DA:58,0
DA:59,0
DA:61,0
DA:63,0
DA:64,0
DA:66,0
DA:69,1
DA:70,1
DA:72,1
DA:76,1
DA:77,1
DA:78,1
DA:79,1
DA:80,0
DA:83,0
DA:84,0
DA:85,0
DA:86,0
DA:88,0
DA:89,0
DA:90,0
DA:91,0
DA:94,0
DA:97,2
DA:98,1
DA:101,1
DA:102,1
DA:103,1
DA:104,1
DA:105,1
DA:106,1
DA:109,1
DA:110,1
DA:111,0
DA:116,1
DA:117,1
DA:118,0
DA:119,0
DA:120,0
DA:122,0
DA:123,0
DA:126,0
DA:127,0
DA:128,0
DA:132,1
DA:133,0
DA:135,1
DA:136,1
DA:137,1
DA:138,1
DA:139,0
DA:141,1
DA:143,1
DA:144,0
DA:146,1
DA:152,1
DA:153,3
DA:154,3
DA:155,1
DA:156,3
DA:157,1
DA:161,1
DA:162,1
DA:163,1
DA:164,1
DA:165,2
DA:170,1
DA:171,1
DA:172,1
DA:173,0
DA:177,1
DA:178,1
DA:179,1
DA:180,1
DA:181,0
DA:183,1
DA:184,1
DA:187,1
DA:189,0
DA:190,0
DA:191,0
DA:192,0
DA:197,1
DA:198,1
DA:199,0
DA:200,0
DA:201,0
DA:203,1
DA:204,1
DA:205,2
DA:206,0
LF:113
LH:71
end_of_record
SF:lib/Model/LLGrammarModel/Token.dart
DA:24,1
LF:1
LH:1
end_of_record
SF:lib/Model/LLGrammarModel/GrammarModel.dart
DA:7,1
DA:9,0
DA:10,0
DA:12,0
DA:13,0
DA:17,0
DA:18,0
LF:7
LH:1
end_of_record
